0 info it worked if it ends with ok
1 verbose cli [ '/usr/bin/node', '/usr/bin/npm', 'install' ]
2 info using npm@1.4.3
3 info using node@v0.10.26
4 verbose node symlink /usr/bin/node
5 warn package.json counterwallet@ No repository field.
6 verbose readDependencies using package.json deps
7 verbose install where, deps [ '/home/xcp/counterwallet',
7 verbose install   [ 'grunt',
7 verbose install     'grunt-usemin',
7 verbose install     'grunt-contrib-clean',
7 verbose install     'grunt-contrib-connect',
7 verbose install     'grunt-contrib-copy',
7 verbose install     'grunt-contrib-cssmin',
7 verbose install     'grunt-contrib-concat',
7 verbose install     'grunt-contrib-jshint',
7 verbose install     'grunt-contrib-uglify',
7 verbose install     'grunt-contrib-watch',
7 verbose install     'cryptojs',
7 verbose install     'uglify-js',
7 verbose install     'clean-css',
7 verbose install     'checkdeps',
7 verbose install     'grunt-relative-root' ] ]
8 info preinstall counterwallet@
9 verbose readDependencies using package.json deps
10 verbose already installed skipping grunt-contrib-concat@0.3.x /home/xcp/counterwallet
11 verbose already installed skipping grunt-contrib-jshint@0.6.x /home/xcp/counterwallet
12 verbose already installed skipping grunt-contrib-uglify@0.2.x /home/xcp/counterwallet
13 verbose already installed skipping grunt-contrib-watch@0.5.x /home/xcp/counterwallet
14 verbose already installed skipping cryptojs@2.5.3 /home/xcp/counterwallet
15 verbose already installed skipping uglify-js@1.3.5 /home/xcp/counterwallet
16 verbose already installed skipping clean-css@2.1.8 /home/xcp/counterwallet
17 verbose cache add [ 'checkdeps@git://github.com/JahPowerBit/checkdeps.git', null ]
18 verbose cache add name=undefined spec="checkdeps@git://github.com/JahPowerBit/checkdeps.git" args=["checkdeps@git://github.com/JahPowerBit/checkdeps.git",null]
19 verbose parsed url { protocol: null,
19 verbose parsed url   slashes: null,
19 verbose parsed url   auth: null,
19 verbose parsed url   host: null,
19 verbose parsed url   port: null,
19 verbose parsed url   hostname: null,
19 verbose parsed url   hash: null,
19 verbose parsed url   search: null,
19 verbose parsed url   query: null,
19 verbose parsed url   pathname: 'checkdeps@git://github.com/JahPowerBit/checkdeps.git',
19 verbose parsed url   path: 'checkdeps@git://github.com/JahPowerBit/checkdeps.git',
19 verbose parsed url   href: 'checkdeps@git://github.com/JahPowerBit/checkdeps.git' }
20 verbose cache add [ 'grunt-relative-root@0.2.1', null ]
21 verbose cache add name=undefined spec="grunt-relative-root@0.2.1" args=["grunt-relative-root@0.2.1",null]
22 verbose parsed url { protocol: null,
22 verbose parsed url   slashes: null,
22 verbose parsed url   auth: null,
22 verbose parsed url   host: null,
22 verbose parsed url   port: null,
22 verbose parsed url   hostname: null,
22 verbose parsed url   hash: null,
22 verbose parsed url   search: null,
22 verbose parsed url   query: null,
22 verbose parsed url   pathname: 'grunt-relative-root@0.2.1',
22 verbose parsed url   path: 'grunt-relative-root@0.2.1',
22 verbose parsed url   href: 'grunt-relative-root@0.2.1' }
23 verbose cache add name="grunt-relative-root" spec="0.2.1" args=["grunt-relative-root","0.2.1"]
24 verbose parsed url { protocol: null,
24 verbose parsed url   slashes: null,
24 verbose parsed url   auth: null,
24 verbose parsed url   host: null,
24 verbose parsed url   port: null,
24 verbose parsed url   hostname: null,
24 verbose parsed url   hash: null,
24 verbose parsed url   search: null,
24 verbose parsed url   query: null,
24 verbose parsed url   pathname: '0.2.1',
24 verbose parsed url   path: '0.2.1',
24 verbose parsed url   href: '0.2.1' }
25 verbose addNamed [ 'grunt-relative-root', '0.2.1' ]
26 verbose addNamed [ '0.2.1', '0.2.1' ]
27 verbose cache add name="checkdeps" spec="git://github.com/JahPowerBit/checkdeps.git" args=["checkdeps","git://github.com/JahPowerBit/checkdeps.git"]
28 verbose parsed url { protocol: 'git:',
28 verbose parsed url   slashes: true,
28 verbose parsed url   auth: null,
28 verbose parsed url   host: 'github.com',
28 verbose parsed url   port: null,
28 verbose parsed url   hostname: 'github.com',
28 verbose parsed url   hash: null,
28 verbose parsed url   search: null,
28 verbose parsed url   query: null,
28 verbose parsed url   pathname: '/JahPowerBit/checkdeps.git',
28 verbose parsed url   path: '/JahPowerBit/checkdeps.git',
28 verbose parsed url   href: 'git://github.com/JahPowerBit/checkdeps.git' }
29 silly lockFile cec1b8c3-grunt-relative-root-0-2-1 grunt-relative-root@0.2.1
30 verbose lock grunt-relative-root@0.2.1 /home/ouziel/.npm/cec1b8c3-grunt-relative-root-0-2-1.lock
31 verbose already installed skipping grunt@0.4.1 /home/xcp/counterwallet
32 silly lockFile 089d3e7d-ub-com-JahPowerBit-checkdeps-git git://github.com/JahPowerBit/checkdeps.git
33 verbose lock git://github.com/JahPowerBit/checkdeps.git /home/ouziel/.npm/089d3e7d-ub-com-JahPowerBit-checkdeps-git.lock
34 verbose addRemoteGit [ 'git://github.com/JahPowerBit/checkdeps.git', 'master' ]
35 verbose url raw grunt-relative-root/0.2.1
36 verbose url resolving [ 'https://registry.npmjs.org/', './grunt-relative-root/0.2.1' ]
37 verbose url resolved https://registry.npmjs.org/grunt-relative-root/0.2.1
38 info trying registry request attempt 1 at 10:21:16
39 http GET https://registry.npmjs.org/grunt-relative-root/0.2.1
40 verbose already installed skipping grunt-contrib-clean@0.5.x /home/xcp/counterwallet
41 verbose already installed skipping grunt-usemin@2.1.x /home/xcp/counterwallet
42 verbose already installed skipping grunt-contrib-connect@0.4.x /home/xcp/counterwallet
43 verbose already installed skipping grunt-contrib-copy@0.4.x /home/xcp/counterwallet
44 verbose already installed skipping grunt-contrib-cssmin@0.6.x /home/xcp/counterwallet
45 verbose git remote.origin.url git://github.com/JahPowerBit/checkdeps.git
46 verbose git fetch -a origin (git://github.com/JahPowerBit/checkdeps.git)
47 verbose git rev-list -n1 master 22fb38da0bda0934951c3d3ddff8fd13aed192ba
48 verbose resolved git url git://github.com/JahPowerBit/checkdeps.git#22fb38da0bda0934951c3d3ddff8fd13aed192ba
49 verbose tar unpack /home/ouziel/tmp/npm-12483-rDK1TIZu/1396171281325-0.3781747058965266/tmp.tgz
50 silly lockFile 98c43e3c-81325-0-3781747058965266-package tar:///home/ouziel/tmp/npm-12483-rDK1TIZu/1396171281325-0.3781747058965266/package
51 verbose lock tar:///home/ouziel/tmp/npm-12483-rDK1TIZu/1396171281325-0.3781747058965266/package /home/ouziel/.npm/98c43e3c-81325-0-3781747058965266-package.lock
52 silly lockFile 3e98f435-81325-0-3781747058965266-tmp-tgz tar:///home/ouziel/tmp/npm-12483-rDK1TIZu/1396171281325-0.3781747058965266/tmp.tgz
53 verbose lock tar:///home/ouziel/tmp/npm-12483-rDK1TIZu/1396171281325-0.3781747058965266/tmp.tgz /home/ouziel/.npm/3e98f435-81325-0-3781747058965266-tmp-tgz.lock
54 silly gunzTarPerm modes [ '755', '644' ]
55 silly gunzTarPerm extractEntry
56 silly gunzTarPerm modified mode [ '', 509, 493 ]
57 silly gunzTarPerm extractEntry .gitignore
58 silly gunzTarPerm modified mode [ '.gitignore', 436, 420 ]
59 silly gunzTarPerm extractEntry .jshintrc
60 silly gunzTarPerm modified mode [ '.jshintrc', 436, 420 ]
61 silly gunzTarPerm extractEntry Gruntfile.js
62 silly gunzTarPerm modified mode [ 'Gruntfile.js', 436, 420 ]
63 silly gunzTarPerm extractEntry LICENSE-MIT
64 silly gunzTarPerm modified mode [ 'LICENSE-MIT', 436, 420 ]
65 silly gunzTarPerm extractEntry README.md
66 silly gunzTarPerm modified mode [ 'README.md', 436, 420 ]
67 silly gunzTarPerm extractEntry package.json
68 silly gunzTarPerm modified mode [ 'package.json', 436, 420 ]
69 silly gunzTarPerm extractEntry tasks/
70 silly gunzTarPerm modified mode [ 'tasks/', 509, 493 ]
71 silly gunzTarPerm extractEntry tasks/checkdeps.js
72 silly gunzTarPerm modified mode [ 'tasks/checkdeps.js', 436, 420 ]
73 silly gunzTarPerm extractEntry test/
74 silly gunzTarPerm modified mode [ 'test/', 509, 493 ]
75 silly gunzTarPerm extractEntry test/checkdeps_test.js
76 silly gunzTarPerm modified mode [ 'test/checkdeps_test.js', 436, 420 ]
77 silly gunzTarPerm extractEntry test/expected/
78 silly gunzTarPerm modified mode [ 'test/expected/', 509, 493 ]
79 silly gunzTarPerm extractEntry test/expected/custom_options
80 silly gunzTarPerm modified mode [ 'test/expected/custom_options', 436, 420 ]
81 silly gunzTarPerm extractEntry test/expected/default_options
82 silly gunzTarPerm modified mode [ 'test/expected/default_options', 436, 420 ]
83 silly gunzTarPerm extractEntry test/fixtures/
84 silly gunzTarPerm modified mode [ 'test/fixtures/', 509, 493 ]
85 silly gunzTarPerm extractEntry test/fixtures/123
86 silly gunzTarPerm modified mode [ 'test/fixtures/123', 436, 420 ]
87 silly gunzTarPerm extractEntry test/fixtures/testing
88 silly gunzTarPerm modified mode [ 'test/fixtures/testing', 436, 420 ]
89 silly lockFile 98c43e3c-81325-0-3781747058965266-package tar:///home/ouziel/tmp/npm-12483-rDK1TIZu/1396171281325-0.3781747058965266/package
90 silly lockFile 98c43e3c-81325-0-3781747058965266-package tar:///home/ouziel/tmp/npm-12483-rDK1TIZu/1396171281325-0.3781747058965266/package
91 silly lockFile 3e98f435-81325-0-3781747058965266-tmp-tgz tar:///home/ouziel/tmp/npm-12483-rDK1TIZu/1396171281325-0.3781747058965266/tmp.tgz
92 silly lockFile 3e98f435-81325-0-3781747058965266-tmp-tgz tar:///home/ouziel/tmp/npm-12483-rDK1TIZu/1396171281325-0.3781747058965266/tmp.tgz
93 verbose tar pack [ '/home/ouziel/.npm/checkdeps/0.1.0/package.tgz',
93 verbose tar pack   '/home/ouziel/tmp/npm-12483-rDK1TIZu/1396171281325-0.3781747058965266/package' ]
94 verbose tarball /home/ouziel/.npm/checkdeps/0.1.0/package.tgz
95 verbose folder /home/ouziel/tmp/npm-12483-rDK1TIZu/1396171281325-0.3781747058965266/package
96 silly lockFile 98c43e3c-81325-0-3781747058965266-package tar:///home/ouziel/tmp/npm-12483-rDK1TIZu/1396171281325-0.3781747058965266/package
97 verbose lock tar:///home/ouziel/tmp/npm-12483-rDK1TIZu/1396171281325-0.3781747058965266/package /home/ouziel/.npm/98c43e3c-81325-0-3781747058965266-package.lock
98 silly lockFile b3f35991--npm-checkdeps-0-1-0-package-tgz tar:///home/ouziel/.npm/checkdeps/0.1.0/package.tgz
99 verbose lock tar:///home/ouziel/.npm/checkdeps/0.1.0/package.tgz /home/ouziel/.npm/b3f35991--npm-checkdeps-0-1-0-package-tgz.lock
100 silly lockFile 98c43e3c-81325-0-3781747058965266-package tar:///home/ouziel/tmp/npm-12483-rDK1TIZu/1396171281325-0.3781747058965266/package
101 silly lockFile 98c43e3c-81325-0-3781747058965266-package tar:///home/ouziel/tmp/npm-12483-rDK1TIZu/1396171281325-0.3781747058965266/package
102 silly lockFile b3f35991--npm-checkdeps-0-1-0-package-tgz tar:///home/ouziel/.npm/checkdeps/0.1.0/package.tgz
103 silly lockFile b3f35991--npm-checkdeps-0-1-0-package-tgz tar:///home/ouziel/.npm/checkdeps/0.1.0/package.tgz
104 silly lockFile 59b370db-ziel-npm-checkdeps-0-1-0-package /home/ouziel/.npm/checkdeps/0.1.0/package
105 verbose lock /home/ouziel/.npm/checkdeps/0.1.0/package /home/ouziel/.npm/59b370db-ziel-npm-checkdeps-0-1-0-package.lock
106 silly lockFile 59b370db-ziel-npm-checkdeps-0-1-0-package /home/ouziel/.npm/checkdeps/0.1.0/package
107 silly lockFile 59b370db-ziel-npm-checkdeps-0-1-0-package /home/ouziel/.npm/checkdeps/0.1.0/package
108 verbose tar unpack /home/ouziel/.npm/checkdeps/0.1.0/package.tgz
109 silly lockFile cb15eeb9-ziel-npm-checkdeps-0-1-0-package tar:///home/ouziel/.npm/checkdeps/0.1.0/package
110 verbose lock tar:///home/ouziel/.npm/checkdeps/0.1.0/package /home/ouziel/.npm/cb15eeb9-ziel-npm-checkdeps-0-1-0-package.lock
111 silly lockFile b3f35991--npm-checkdeps-0-1-0-package-tgz tar:///home/ouziel/.npm/checkdeps/0.1.0/package.tgz
112 verbose lock tar:///home/ouziel/.npm/checkdeps/0.1.0/package.tgz /home/ouziel/.npm/b3f35991--npm-checkdeps-0-1-0-package-tgz.lock
113 silly gunzTarPerm modes [ '755', '644' ]
114 silly gunzTarPerm extractEntry package.json
115 silly gunzTarPerm extractEntry .npmignore
116 silly gunzTarPerm extractEntry README.md
117 silly gunzTarPerm extractEntry Gruntfile.js
118 silly gunzTarPerm extractEntry .jshintrc
119 silly gunzTarPerm extractEntry LICENSE-MIT
120 silly gunzTarPerm extractEntry tasks/checkdeps.js
121 silly gunzTarPerm extractEntry test/checkdeps_test.js
122 silly gunzTarPerm extractEntry test/expected/custom_options
123 silly gunzTarPerm extractEntry test/expected/default_options
124 silly gunzTarPerm extractEntry test/fixtures/123
125 silly gunzTarPerm extractEntry test/fixtures/testing
126 silly lockFile cb15eeb9-ziel-npm-checkdeps-0-1-0-package tar:///home/ouziel/.npm/checkdeps/0.1.0/package
127 silly lockFile cb15eeb9-ziel-npm-checkdeps-0-1-0-package tar:///home/ouziel/.npm/checkdeps/0.1.0/package
128 silly lockFile b3f35991--npm-checkdeps-0-1-0-package-tgz tar:///home/ouziel/.npm/checkdeps/0.1.0/package.tgz
129 silly lockFile b3f35991--npm-checkdeps-0-1-0-package-tgz tar:///home/ouziel/.npm/checkdeps/0.1.0/package.tgz
130 verbose chmod /home/ouziel/.npm/checkdeps/0.1.0/package.tgz 644
131 verbose chown /home/ouziel/.npm/checkdeps/0.1.0/package.tgz [ 1000, 1000 ]
132 silly lockFile 089d3e7d-ub-com-JahPowerBit-checkdeps-git git://github.com/JahPowerBit/checkdeps.git
133 silly lockFile 089d3e7d-ub-com-JahPowerBit-checkdeps-git git://github.com/JahPowerBit/checkdeps.git
134 http 200 https://registry.npmjs.org/grunt-relative-root/0.2.1
135 silly registry.get cb [ 200,
135 silly registry.get   { date: 'Mon, 31 Mar 2014 23:22:50 GMT',
135 silly registry.get     server: 'CouchDB/1.5.0 (Erlang OTP/R16B)',
135 silly registry.get     etag: '"D8O18Q4B0527JMAWNR2KKF3UC"',
135 silly registry.get     'content-type': 'application/json',
135 silly registry.get     via: '1.1 varnish',
135 silly registry.get     'cache-control': 'max-age=1',
135 silly registry.get     'content-length': '1207',
135 silly registry.get     'accept-ranges': 'bytes',
135 silly registry.get     age: '0',
135 silly registry.get     'x-served-by': 'cache-v42-ASH, cache-fra1222-FRA',
135 silly registry.get     'x-cache': 'MISS, MISS',
135 silly registry.get     'x-cache-hits': '0, 0',
135 silly registry.get     'x-timer': 'S1396308170.032864332,VS0,VS46,VE64,VE118',
135 silly registry.get     vary: 'Accept',
135 silly registry.get     'keep-alive': 'timeout=10, max=50',
135 silly registry.get     connection: 'Keep-Alive' } ]
136 silly lockFile 4416480d-ot-grunt-relative-root-0-2-1-tgz https://registry.npmjs.org/grunt-relative-root/-/grunt-relative-root-0.2.1.tgz
137 verbose lock https://registry.npmjs.org/grunt-relative-root/-/grunt-relative-root-0.2.1.tgz /home/ouziel/.npm/4416480d-ot-grunt-relative-root-0-2-1-tgz.lock
138 verbose addRemoteTarball [ 'https://registry.npmjs.org/grunt-relative-root/-/grunt-relative-root-0.2.1.tgz',
138 verbose addRemoteTarball   '4a4c4b03822e6ff0684140bf0e945f8be04b203c' ]
139 info retry fetch attempt 1 at 10:21:22
140 verbose fetch to= /home/ouziel/tmp/npm-12483-rDK1TIZu/1396171282297-0.4145048677455634/tmp.tgz
141 http GET https://registry.npmjs.org/grunt-relative-root/-/grunt-relative-root-0.2.1.tgz
142 http 200 https://registry.npmjs.org/grunt-relative-root/-/grunt-relative-root-0.2.1.tgz
143 verbose tar unpack /home/ouziel/tmp/npm-12483-rDK1TIZu/1396171282297-0.4145048677455634/tmp.tgz
144 silly lockFile f7acda3e-82297-0-4145048677455634-package tar:///home/ouziel/tmp/npm-12483-rDK1TIZu/1396171282297-0.4145048677455634/package
145 verbose lock tar:///home/ouziel/tmp/npm-12483-rDK1TIZu/1396171282297-0.4145048677455634/package /home/ouziel/.npm/f7acda3e-82297-0-4145048677455634-package.lock
146 silly lockFile 8858c003-82297-0-4145048677455634-tmp-tgz tar:///home/ouziel/tmp/npm-12483-rDK1TIZu/1396171282297-0.4145048677455634/tmp.tgz
147 verbose lock tar:///home/ouziel/tmp/npm-12483-rDK1TIZu/1396171282297-0.4145048677455634/tmp.tgz /home/ouziel/.npm/8858c003-82297-0-4145048677455634-tmp-tgz.lock
148 silly gunzTarPerm modes [ '755', '644' ]
149 silly gunzTarPerm extractEntry package.json
150 silly gunzTarPerm extractEntry .npmignore
151 silly gunzTarPerm extractEntry README.md
152 silly gunzTarPerm extractEntry Gruntfile.js
153 silly gunzTarPerm extractEntry .jshintrc
154 silly gunzTarPerm extractEntry .travis.yml
155 silly gunzTarPerm extractEntry LICENSE-MIT
156 silly gunzTarPerm extractEntry tasks/relative_root.js
157 silly gunzTarPerm extractEntry test/relative_root.test.js
158 silly gunzTarPerm extractEntry test/expected/fancy/double_quotes.css
159 silly gunzTarPerm extractEntry test/expected/fancy/no_quotes.css
160 silly gunzTarPerm extractEntry test/expected/fancy/prudent.html
161 silly gunzTarPerm extractEntry test/expected/fancy/stylish.css
162 silly gunzTarPerm extractEntry test/expected/simple/stylish.css
163 silly gunzTarPerm extractEntry test/fixtures/double_quotes.css
164 silly gunzTarPerm extractEntry test/fixtures/no_quotes.css
165 silly gunzTarPerm extractEntry test/fixtures/prudent.html
166 silly gunzTarPerm extractEntry test/fixtures/stylish.css
167 silly lockFile f7acda3e-82297-0-4145048677455634-package tar:///home/ouziel/tmp/npm-12483-rDK1TIZu/1396171282297-0.4145048677455634/package
168 silly lockFile f7acda3e-82297-0-4145048677455634-package tar:///home/ouziel/tmp/npm-12483-rDK1TIZu/1396171282297-0.4145048677455634/package
169 silly lockFile 8858c003-82297-0-4145048677455634-tmp-tgz tar:///home/ouziel/tmp/npm-12483-rDK1TIZu/1396171282297-0.4145048677455634/tmp.tgz
170 silly lockFile 8858c003-82297-0-4145048677455634-tmp-tgz tar:///home/ouziel/tmp/npm-12483-rDK1TIZu/1396171282297-0.4145048677455634/tmp.tgz
171 verbose tar pack [ '/home/ouziel/.npm/grunt-relative-root/0.2.1/package.tgz',
171 verbose tar pack   '/home/ouziel/tmp/npm-12483-rDK1TIZu/1396171282297-0.4145048677455634/package' ]
172 verbose tarball /home/ouziel/.npm/grunt-relative-root/0.2.1/package.tgz
173 verbose folder /home/ouziel/tmp/npm-12483-rDK1TIZu/1396171282297-0.4145048677455634/package
174 silly lockFile f7acda3e-82297-0-4145048677455634-package tar:///home/ouziel/tmp/npm-12483-rDK1TIZu/1396171282297-0.4145048677455634/package
175 verbose lock tar:///home/ouziel/tmp/npm-12483-rDK1TIZu/1396171282297-0.4145048677455634/package /home/ouziel/.npm/f7acda3e-82297-0-4145048677455634-package.lock
176 silly lockFile 8625eb92--relative-root-0-2-1-package-tgz tar:///home/ouziel/.npm/grunt-relative-root/0.2.1/package.tgz
177 verbose lock tar:///home/ouziel/.npm/grunt-relative-root/0.2.1/package.tgz /home/ouziel/.npm/8625eb92--relative-root-0-2-1-package-tgz.lock
178 silly lockFile f7acda3e-82297-0-4145048677455634-package tar:///home/ouziel/tmp/npm-12483-rDK1TIZu/1396171282297-0.4145048677455634/package
179 silly lockFile f7acda3e-82297-0-4145048677455634-package tar:///home/ouziel/tmp/npm-12483-rDK1TIZu/1396171282297-0.4145048677455634/package
180 silly lockFile 8625eb92--relative-root-0-2-1-package-tgz tar:///home/ouziel/.npm/grunt-relative-root/0.2.1/package.tgz
181 silly lockFile 8625eb92--relative-root-0-2-1-package-tgz tar:///home/ouziel/.npm/grunt-relative-root/0.2.1/package.tgz
182 silly lockFile 277f407c-runt-relative-root-0-2-1-package /home/ouziel/.npm/grunt-relative-root/0.2.1/package
183 verbose lock /home/ouziel/.npm/grunt-relative-root/0.2.1/package /home/ouziel/.npm/277f407c-runt-relative-root-0-2-1-package.lock
184 silly lockFile 277f407c-runt-relative-root-0-2-1-package /home/ouziel/.npm/grunt-relative-root/0.2.1/package
185 silly lockFile 277f407c-runt-relative-root-0-2-1-package /home/ouziel/.npm/grunt-relative-root/0.2.1/package
186 verbose tar unpack /home/ouziel/.npm/grunt-relative-root/0.2.1/package.tgz
187 silly lockFile 4dad3735-runt-relative-root-0-2-1-package tar:///home/ouziel/.npm/grunt-relative-root/0.2.1/package
188 verbose lock tar:///home/ouziel/.npm/grunt-relative-root/0.2.1/package /home/ouziel/.npm/4dad3735-runt-relative-root-0-2-1-package.lock
189 silly lockFile 8625eb92--relative-root-0-2-1-package-tgz tar:///home/ouziel/.npm/grunt-relative-root/0.2.1/package.tgz
190 verbose lock tar:///home/ouziel/.npm/grunt-relative-root/0.2.1/package.tgz /home/ouziel/.npm/8625eb92--relative-root-0-2-1-package-tgz.lock
191 silly gunzTarPerm modes [ '755', '644' ]
192 silly gunzTarPerm extractEntry package.json
193 silly gunzTarPerm extractEntry .npmignore
194 silly gunzTarPerm extractEntry README.md
195 silly gunzTarPerm extractEntry Gruntfile.js
196 silly gunzTarPerm extractEntry .jshintrc
197 silly gunzTarPerm extractEntry .travis.yml
198 silly gunzTarPerm extractEntry LICENSE-MIT
199 silly gunzTarPerm extractEntry tasks/relative_root.js
200 silly gunzTarPerm extractEntry test/relative_root.test.js
201 silly gunzTarPerm extractEntry test/expected/fancy/double_quotes.css
202 silly gunzTarPerm extractEntry test/expected/fancy/no_quotes.css
203 silly gunzTarPerm extractEntry test/expected/fancy/prudent.html
204 silly gunzTarPerm extractEntry test/expected/fancy/stylish.css
205 silly gunzTarPerm extractEntry test/expected/simple/stylish.css
206 silly gunzTarPerm extractEntry test/fixtures/double_quotes.css
207 silly gunzTarPerm extractEntry test/fixtures/no_quotes.css
208 silly gunzTarPerm extractEntry test/fixtures/prudent.html
209 silly gunzTarPerm extractEntry test/fixtures/stylish.css
210 silly lockFile 4dad3735-runt-relative-root-0-2-1-package tar:///home/ouziel/.npm/grunt-relative-root/0.2.1/package
211 silly lockFile 4dad3735-runt-relative-root-0-2-1-package tar:///home/ouziel/.npm/grunt-relative-root/0.2.1/package
212 silly lockFile 8625eb92--relative-root-0-2-1-package-tgz tar:///home/ouziel/.npm/grunt-relative-root/0.2.1/package.tgz
213 silly lockFile 8625eb92--relative-root-0-2-1-package-tgz tar:///home/ouziel/.npm/grunt-relative-root/0.2.1/package.tgz
214 verbose chmod /home/ouziel/.npm/grunt-relative-root/0.2.1/package.tgz 644
215 verbose chown /home/ouziel/.npm/grunt-relative-root/0.2.1/package.tgz [ 1000, 1000 ]
216 silly lockFile 4416480d-ot-grunt-relative-root-0-2-1-tgz https://registry.npmjs.org/grunt-relative-root/-/grunt-relative-root-0.2.1.tgz
217 silly lockFile 4416480d-ot-grunt-relative-root-0-2-1-tgz https://registry.npmjs.org/grunt-relative-root/-/grunt-relative-root-0.2.1.tgz
218 silly lockFile cec1b8c3-grunt-relative-root-0-2-1 grunt-relative-root@0.2.1
219 silly lockFile cec1b8c3-grunt-relative-root-0-2-1 grunt-relative-root@0.2.1
220 silly resolved [ { name: 'checkdeps',
220 silly resolved     description: 'Check dependencies checksums',
220 silly resolved     version: '0.1.0',
220 silly resolved     homepage: 'https://github.com/JahPowerBit/checkdeps',
220 silly resolved     author: { name: 'JahPowerBit' },
220 silly resolved     repository:
220 silly resolved      { type: 'git',
220 silly resolved        url: 'git://github.com/JahPowerBit/checkdeps.git' },
220 silly resolved     bugs: { url: 'https://github.com/JahPowerBit/checkdeps/issues' },
220 silly resolved     licenses: [ [Object] ],
220 silly resolved     engines: { node: '>= 0.8.0' },
220 silly resolved     scripts: { test: 'grunt test' },
220 silly resolved     dependencies:
220 silly resolved      { 'grunt-usemin': '2.1.x',
220 silly resolved        cryptojs: '2.5.3',
220 silly resolved        'uglify-js': '1.3.5' },
220 silly resolved     devDependencies:
220 silly resolved      { 'grunt-contrib-jshint': '^0.9.2',
220 silly resolved        'grunt-contrib-clean': '^0.5.0',
220 silly resolved        'grunt-contrib-nodeunit': '^0.3.3',
220 silly resolved        grunt: '~0.4.4' },
220 silly resolved     peerDependencies: { grunt: '~0.4.1' },
220 silly resolved     keywords: [ 'gruntplugin' ],
220 silly resolved     readme: '# checkdeps\n\n> Check dependencies checksums\n\n## Getting Started\nThis plugin requires Grunt `~0.4.1`\n\nIf you haven\'t used [Grunt](http://gruntjs.com/) before, be sure to check out the [Getting Started](http://gruntjs.com/getting-started) guide, as it explains how to create a [Gruntfile](http://gruntjs.com/sample-gruntfile) as well as install and use Grunt plugins. Once you\'re familiar with that process, you may install this plugin with this command:\n\n```shell\nnpm install checkdeps --save-dev\n```\n\nOnce the plugin has been installed, it may be enabled inside your Gruntfile with this line of JavaScript:\n\n```js\ngrunt.loadNpmTasks(\'checkdeps\');\n```\n\n## The "checkdeps" task\n\n### Overview\nIn your project\'s Gruntfile, add a section named `checkdeps` to the data object passed into `grunt.initConfig()`.\n\n```js\ngrunt.initConfig({\n  checkdeps: {\n    options: {\n      // Task-specific options go here.\n    },\n    your_target: {\n      // Target-specific file lists and/or options go here.\n    },\n  },\n});\n```\n\n### Options\n\n#### options.separator\nType: `String`\nDefault value: `\',  \'`\n\nA string value that is used to do something with whatever.\n\n#### options.punctuation\nType: `String`\nDefault value: `\'.\'`\n\nA string value that is used to do something else with whatever else.\n\n### Usage Examples\n\n#### Default Options\nIn this example, the default options are used to do something with whatever. So if the `testing` file has the content `Testing` and the `123` file had the content `1 2 3`, the generated result would be `Testing, 1 2 3.`\n\n```js\ngrunt.initConfig({\n  checkdeps: {\n    options: {},\n    files: {\n      \'dest/default_options\': [\'src/testing\', \'src/123\'],\n    },\n  },\n});\n```\n\n#### Custom Options\nIn this example, custom options are used to do something else with whatever else. So if the `testing` file has the content `Testing` and the `123` file had the content `1 2 3`, the generated result in this case would be `Testing: 1 2 3 !!!`\n\n```js\ngrunt.initConfig({\n  checkdeps: {\n    options: {\n      separator: \': \',\n      punctuation: \' !!!\',\n    },\n    files: {\n      \'dest/default_options\': [\'src/testing\', \'src/123\'],\n    },\n  },\n});\n```\n\n## Contributing\nIn lieu of a formal styleguide, take care to maintain the existing coding style. Add unit tests for any new or changed functionality. Lint and test your code using [Grunt](http://gruntjs.com/).\n\n## Release History\n_(Nothing yet)_\n',
220 silly resolved     readmeFilename: 'README.md',
220 silly resolved     _id: 'checkdeps@0.1.0',
220 silly resolved     dist: { shasum: '9310576380bfacd5f394b32153a5ed8187a68f28' },
220 silly resolved     _resolved: 'git://github.com/JahPowerBit/checkdeps.git#22fb38da0bda0934951c3d3ddff8fd13aed192ba',
220 silly resolved     _from: 'checkdeps@git://github.com/JahPowerBit/checkdeps.git' },
220 silly resolved   { name: 'grunt-relative-root',
220 silly resolved     description: 'Relativize absolute paths in HTML and CSS',
220 silly resolved     version: '0.2.1',
220 silly resolved     homepage: 'https://github.com/hurrymaplelad/grunt-relative-root',
220 silly resolved     author:
220 silly resolved      { name: 'Adam Hull',
220 silly resolved        email: 'adam@hmlad.com',
220 silly resolved        url: 'hurrymaplelad.com' },
220 silly resolved     repository:
220 silly resolved      { type: 'git',
220 silly resolved        url: 'https://github.com/hurrymaplelad/grunt-relative-root.git' },
220 silly resolved     bugs: { url: 'https://github.com/hurrymaplelad/grunt-relative-root/issues' },
220 silly resolved     licenses: [ [Object] ],
220 silly resolved     main: 'Gruntfile.js',
220 silly resolved     engines: { node: '>= 0.8.0' },
220 silly resolved     scripts: { test: 'grunt test' },
220 silly resolved     devDependencies:
220 silly resolved      { 'grunt-contrib-jshint': '~0.8.0',
220 silly resolved        'grunt-contrib-clean': '~0.5.0',
220 silly resolved        'grunt-contrib-nodeunit': '~0.3.0',
220 silly resolved        grunt: '~0.4.2' },
220 silly resolved     peerDependencies: { grunt: '~0.4.2' },
220 silly resolved     keywords: [ 'gruntplugin', 'relative', 'url', 'root' ],
220 silly resolved     readme: '# grunt-relative-root\n[![Build Status](https://travis-ci.org/hurrymaplelad/grunt-relative-root.png)](https://travis-ci.org/hurrymaplelad/grunt-relative-root)\n[![Dependency Status](https://gemnasium.com/hurrymaplelad/grunt-relative-root.png)](https://gemnasium.com/hurrymaplelad/grunt-relative-root)\n\nRelativize absolute paths in HTML and CSS.\n\nYou built some static website.  Maybe your gonna host it on gh-pages.  Maybe you\'re squating a stellar domain name, but you\'d rather review the site on `<yourname>.github.io/<yourproject>` before you repoint DNS.  How do you make your pages work from both `/<yourproject/` and `/`?\n\nAdd something like this to your Gruntfile:\n\n```js\ngrunt.loadNpmTasks(\'grunt-relative-root\');\n\ngrunt.initConfig({\n  relativeRoot: {\n    yourTarget: {\n      options: {\n        root: \'public\'\n      },\n      files: [{\n        expand: true,\n        cwd: \'<%= relativeRoot.yourTarget.options.root %>\',\n        src: [\'*.css\', \'*.html\'],\n        dest: \'out/\'\n      }]\n    },\n  },\n})\n```\n## Getting Started\nGrunt at least a `~0.4.1`\n\nYou should be comfy with the [grunt basics](http://gruntjs.com/getting-started) and [npm](https://npmjs.org/doc/README.html) so you can install this in your project\n\n```shell\nnpm install grunt-relative-root --save-dev\n```\n\n## Options\n\n#### root\nType: `String`\nDefault value: `\'.\'`\n\nLocal directory used as the base for relative paths. If `root: \'public\'` then the URL `\'/images/logo.png\'` in the file `\'public/events/solstice.html\'` will be rewritten as `\'../image/logo.png\'`.\n\n',
220 silly resolved     readmeFilename: 'README.md',
220 silly resolved     _id: 'grunt-relative-root@0.2.1',
220 silly resolved     dist: { shasum: '4a4c4b03822e6ff0684140bf0e945f8be04b203c' },
220 silly resolved     _from: 'grunt-relative-root@0.2.1',
220 silly resolved     _resolved: 'https://registry.npmjs.org/grunt-relative-root/-/grunt-relative-root-0.2.1.tgz' } ]
221 info install checkdeps@0.1.0 into /home/xcp/counterwallet
222 info install grunt-relative-root@0.2.1 into /home/xcp/counterwallet
223 info installOne checkdeps@0.1.0
224 info installOne grunt-relative-root@0.2.1
225 info /home/xcp/counterwallet/node_modules/grunt-relative-root unbuild
226 info /home/xcp/counterwallet/node_modules/checkdeps unbuild
227 info preuninstall checkdeps@0.1.0
228 info uninstall checkdeps@0.1.0
229 verbose tar unpack /home/ouziel/.npm/grunt-relative-root/0.2.1/package.tgz
230 silly lockFile edfd4aad-node-modules-grunt-relative-root tar:///home/xcp/counterwallet/node_modules/grunt-relative-root
231 verbose lock tar:///home/xcp/counterwallet/node_modules/grunt-relative-root /home/ouziel/.npm/edfd4aad-node-modules-grunt-relative-root.lock
232 silly lockFile 8625eb92--relative-root-0-2-1-package-tgz tar:///home/ouziel/.npm/grunt-relative-root/0.2.1/package.tgz
233 verbose lock tar:///home/ouziel/.npm/grunt-relative-root/0.2.1/package.tgz /home/ouziel/.npm/8625eb92--relative-root-0-2-1-package-tgz.lock
234 verbose true,/home/xcp/counterwallet/node_modules,/home/xcp/counterwallet/node_modules unbuild checkdeps@0.1.0
235 info postuninstall checkdeps@0.1.0
236 silly gunzTarPerm modes [ '755', '644' ]
237 silly gunzTarPerm extractEntry package.json
238 silly gunzTarPerm extractEntry .npmignore
239 silly gunzTarPerm extractEntry README.md
240 verbose tar unpack /home/ouziel/.npm/checkdeps/0.1.0/package.tgz
241 silly lockFile c9e9a2bd-terwallet-node-modules-checkdeps tar:///home/xcp/counterwallet/node_modules/checkdeps
242 verbose lock tar:///home/xcp/counterwallet/node_modules/checkdeps /home/ouziel/.npm/c9e9a2bd-terwallet-node-modules-checkdeps.lock
243 silly lockFile b3f35991--npm-checkdeps-0-1-0-package-tgz tar:///home/ouziel/.npm/checkdeps/0.1.0/package.tgz
244 verbose lock tar:///home/ouziel/.npm/checkdeps/0.1.0/package.tgz /home/ouziel/.npm/b3f35991--npm-checkdeps-0-1-0-package-tgz.lock
245 silly gunzTarPerm modes [ '755', '644' ]
246 silly gunzTarPerm extractEntry Gruntfile.js
247 silly gunzTarPerm extractEntry .jshintrc
248 silly gunzTarPerm extractEntry package.json
249 silly gunzTarPerm extractEntry .npmignore
250 silly gunzTarPerm extractEntry README.md
251 silly gunzTarPerm extractEntry .travis.yml
252 silly gunzTarPerm extractEntry LICENSE-MIT
253 silly gunzTarPerm extractEntry Gruntfile.js
254 silly gunzTarPerm extractEntry .jshintrc
255 silly gunzTarPerm extractEntry tasks/relative_root.js
256 silly gunzTarPerm extractEntry test/relative_root.test.js
257 silly gunzTarPerm extractEntry LICENSE-MIT
258 silly gunzTarPerm extractEntry tasks/checkdeps.js
259 silly gunzTarPerm extractEntry test/expected/fancy/double_quotes.css
260 silly gunzTarPerm extractEntry test/checkdeps_test.js
261 silly gunzTarPerm extractEntry test/expected/custom_options
262 silly gunzTarPerm extractEntry test/expected/default_options
263 silly gunzTarPerm extractEntry test/fixtures/123
264 silly gunzTarPerm extractEntry test/fixtures/testing
265 silly gunzTarPerm extractEntry test/expected/fancy/no_quotes.css
266 silly gunzTarPerm extractEntry test/expected/fancy/prudent.html
267 silly gunzTarPerm extractEntry test/expected/fancy/stylish.css
268 silly gunzTarPerm extractEntry test/expected/simple/stylish.css
269 silly gunzTarPerm extractEntry test/fixtures/double_quotes.css
270 silly gunzTarPerm extractEntry test/fixtures/no_quotes.css
271 silly gunzTarPerm extractEntry test/fixtures/prudent.html
272 silly gunzTarPerm extractEntry test/fixtures/stylish.css
273 silly lockFile c9e9a2bd-terwallet-node-modules-checkdeps tar:///home/xcp/counterwallet/node_modules/checkdeps
274 silly lockFile c9e9a2bd-terwallet-node-modules-checkdeps tar:///home/xcp/counterwallet/node_modules/checkdeps
275 silly lockFile b3f35991--npm-checkdeps-0-1-0-package-tgz tar:///home/ouziel/.npm/checkdeps/0.1.0/package.tgz
276 silly lockFile b3f35991--npm-checkdeps-0-1-0-package-tgz tar:///home/ouziel/.npm/checkdeps/0.1.0/package.tgz
277 info preinstall checkdeps@0.1.0
278 verbose readDependencies using package.json deps
279 verbose readDependencies using package.json deps
280 silly resolved []
281 verbose about to build /home/xcp/counterwallet/node_modules/checkdeps
282 info build /home/xcp/counterwallet/node_modules/checkdeps
283 verbose linkStuff [ false, false, false, '/home/xcp/counterwallet/node_modules' ]
284 info linkStuff checkdeps@0.1.0
285 verbose linkBins checkdeps@0.1.0
286 verbose linkMans checkdeps@0.1.0
287 verbose rebuildBundles checkdeps@0.1.0
288 info install checkdeps@0.1.0
289 info postinstall checkdeps@0.1.0
290 silly lockFile edfd4aad-node-modules-grunt-relative-root tar:///home/xcp/counterwallet/node_modules/grunt-relative-root
291 silly lockFile edfd4aad-node-modules-grunt-relative-root tar:///home/xcp/counterwallet/node_modules/grunt-relative-root
292 silly lockFile 8625eb92--relative-root-0-2-1-package-tgz tar:///home/ouziel/.npm/grunt-relative-root/0.2.1/package.tgz
293 silly lockFile 8625eb92--relative-root-0-2-1-package-tgz tar:///home/ouziel/.npm/grunt-relative-root/0.2.1/package.tgz
294 info preinstall grunt-relative-root@0.2.1
295 verbose readDependencies using package.json deps
296 verbose readDependencies using package.json deps
297 silly resolved []
298 verbose about to build /home/xcp/counterwallet/node_modules/grunt-relative-root
299 info build /home/xcp/counterwallet/node_modules/grunt-relative-root
300 verbose linkStuff [ false, false, false, '/home/xcp/counterwallet/node_modules' ]
301 info linkStuff grunt-relative-root@0.2.1
302 verbose linkBins grunt-relative-root@0.2.1
303 verbose linkMans grunt-relative-root@0.2.1
304 verbose rebuildBundles grunt-relative-root@0.2.1
305 info install grunt-relative-root@0.2.1
306 info postinstall grunt-relative-root@0.2.1
307 verbose readDependencies using package.json deps
308 verbose already installed skipping grunt@~0.4.2 /home/xcp/counterwallet
309 silly resolved []
310 info build /home/xcp/counterwallet
311 verbose linkStuff [ false, false, false, '/home/xcp' ]
312 info linkStuff counterwallet@
313 verbose linkBins counterwallet@
314 verbose linkMans counterwallet@
315 verbose rebuildBundles counterwallet@
316 verbose rebuildBundles [ '.bin',
316 verbose rebuildBundles   'checkdeps',
316 verbose rebuildBundles   'clean-css',
316 verbose rebuildBundles   'cryptojs',
316 verbose rebuildBundles   'grunt',
316 verbose rebuildBundles   'grunt-contrib-clean',
316 verbose rebuildBundles   'grunt-contrib-concat',
316 verbose rebuildBundles   'grunt-contrib-connect',
316 verbose rebuildBundles   'grunt-contrib-copy',
316 verbose rebuildBundles   'grunt-contrib-cssmin',
316 verbose rebuildBundles   'grunt-contrib-jshint',
316 verbose rebuildBundles   'grunt-contrib-uglify',
316 verbose rebuildBundles   'grunt-contrib-watch',
316 verbose rebuildBundles   'grunt-relative-root',
316 verbose rebuildBundles   'grunt-usemin',
316 verbose rebuildBundles   'uglify-js' ]
317 info install counterwallet@
318 info postinstall counterwallet@
319 info prepublish counterwallet@
320 error peerinvalid The package grunt does not satisfy its siblings' peerDependencies requirements!
320 error peerinvalid Peer grunt-usemin@2.1.0 wants grunt@>=0.4.0
320 error peerinvalid Peer grunt-contrib-clean@0.5.0 wants grunt@~0.4.0
320 error peerinvalid Peer grunt-contrib-connect@0.4.2 wants grunt@~0.4.0
320 error peerinvalid Peer grunt-contrib-copy@0.4.1 wants grunt@~0.4.0
320 error peerinvalid Peer grunt-contrib-cssmin@0.6.2 wants grunt@~0.4.0
320 error peerinvalid Peer grunt-contrib-concat@0.3.0 wants grunt@~0.4.0
320 error peerinvalid Peer grunt-contrib-jshint@0.6.5 wants grunt@~0.4.0
320 error peerinvalid Peer grunt-contrib-uglify@0.2.7 wants grunt@~0.4.0
320 error peerinvalid Peer grunt-contrib-watch@0.5.3 wants grunt@~0.4.0
320 error peerinvalid Peer checkdeps@0.1.0 wants grunt@~0.4.1
320 error peerinvalid Peer grunt-relative-root@0.2.1 wants grunt@~0.4.2
321 error System Linux 3.11.0-12-generic
322 error command "/usr/bin/node" "/usr/bin/npm" "install"
323 error cwd /home/xcp/counterwallet
324 error node -v v0.10.26
325 error npm -v 1.4.3
326 error code EPEERINVALID
327 verbose exit [ 1, true ]
